----------------------------------------------------------------------
--------------N.I.N.A. - Nighttime Imaging 'N' Astronomy--------------
--------------------------Version 3.1.2.9001--------------------------
-------------------------2025-11-19T14:43:29--------------------------
----------------------------------------------------------------------
---------------------Microsoft Windows 10.0.26100---------------------
-------------------------OS Architecture X64--------------------------
-----------------------Process Architecture X64-----------------------
------------------------------.NET 8.0.8------------------------------
----------------------------------------------------------------------
--------------------------Processor Count 16--------------------------
--------------------Total Physical Memory 31.16 GB--------------------
----------------------------------------------------------------------
DATE|LEVEL|SOURCE|MEMBER|LINE|MESSAGE
2025-11-19T14:43:29.2948|INFO|CameraChooserVM.cs|GetEquipment|69|Found 0 ASI Cameras
2025-11-19T14:43:29.3619|INFO|CameraChooserVM.cs|GetEquipment|84|Found 0 Altair Cameras
2025-11-19T14:43:29.8101|INFO|CameraChooserVM.cs|GetEquipment|96|Found 0 Atik Cameras
2025-11-19T14:43:29.8103|INFO|CameraChooserVM.cs|GetEquipment|110|Found 0 FLI Cameras
2025-11-19T14:43:30.6321|INFO|ApplicationVM.cs|CheckDiskInfo|100|Available Space on Drive C:\: 57.76 GB
2025-11-19T14:43:30.6322|INFO|ApplicationVM.cs|CheckDiskInfo|100|Available Space on Drive D:\: 708.57 GB
2025-11-19T14:43:30.6323|INFO|ApplicationVM.cs|CheckDiskInfo|100|Available Space on Drive E:\: 267.18 GB
2025-11-19T14:43:30.6323|INFO|ApplicationVM.cs|CheckDiskInfo|100|Available Space on Drive F:\: 2381.86 GB
2025-11-19T14:43:30.6323|INFO|ApplicationVM.cs|CheckDiskInfo|100|Available Space on Drive G:\: 460.99 GB
2025-11-19T14:43:30.6340|INFO|ApplicationVM.cs|CheckASCOMPlatformVersion|81|ASCOM Platform 6.6.2.4294 installed
2025-11-19T14:43:30.8417|INFO|CameraChooserVM.cs|GetEquipment|130|Found 0 QHYCCD Cameras
2025-11-19T14:43:30.9264|INFO|PluginLoader.cs|LoadPlugin|416|Successfully loaded plugin Fujifilm Native Camera version 2.1.0.0 by Scdouglas
2025-11-19T14:43:30.9532|INFO|CameraChooserVM.cs|GetEquipment|158|Found 0 ToupTek Cameras
2025-11-19T14:43:30.9652|INFO|CameraChooserVM.cs|GetEquipment|173|Found 0 Ogma Cameras
2025-11-19T14:43:30.9824|INFO|CameraChooserVM.cs|GetEquipment|188|Found 0 Omegon Cameras
2025-11-19T14:43:31.0775|INFO|CameraChooserVM.cs|GetEquipment|203|Found 0 RisingCam Cameras
2025-11-19T14:43:31.0948|INFO|CameraChooserVM.cs|GetEquipment|218|Found 0 MallinCam Cameras
2025-11-19T14:43:31.0987|INFO|CameraChooserVM.cs|GetEquipment|244|Found 0 SBIG Cameras
2025-11-19T14:43:31.1059|INFO|PluginLoader.cs|LoadPlugin|416|Successfully loaded plugin Hocus Focus version 3.0.0.18 by George Hilios (jokogeo)
2025-11-19T14:43:31.1341|INFO|PluginLoader.cs|LoadPlugin|416|Successfully loaded plugin Remote Copy version 3.0.0.0 by Tom Palmer @tcpalmer
2025-11-19T14:43:31.1424|INFO|PluginFetcher.cs|RequestAll|43|Fetching plugin manifests from https://nighttime-imaging.eu/wp-json/nina/v1/plugins/manifests
2025-11-19T14:43:31.1702|INFO|CameraChooserVM.cs|GetEquipment|264|Found 0 SVBony Cameras
2025-11-19T14:43:31.1768|INFO|CameraChooserVM.cs|GetEquipment|264|Found 0 PlayerOne Cameras
2025-11-19T14:43:31.1844|INFO|CameraChooserVM.cs|GetEquipment|264|Found 0 ASTPAN Cameras
2025-11-19T14:43:31.5707|INFO|FocuserChooserVM.cs|GetEquipment|46|Found 0 Fujifilm Focuser Focusers
2025-11-19T14:43:31.9096|INFO|PluginFetcher.cs|RequestAll|57|Found 61 valid plugins at https://nighttime-imaging.eu/wp-json/nina/v1/plugins/manifests
2025-11-19T14:43:31.9721|INFO|CameraChooserVM.cs|GetEquipment|264|Found 0 Fujifilm Cameras
2025-11-19T14:43:31.9728|INFO|CameraChooserVM.cs|GetEquipment|278|Found 4 ASCOM Cameras
2025-11-19T14:43:33.1708|INFO|SwitchChooserVM.cs|GetEquipment|71|Found 0 Alpaca Switch Hubs
2025-11-19T14:43:33.1708|INFO|RotatorChooserVM.cs|GetEquipment|68|Found 0 Alpaca Rotators
2025-11-19T14:43:33.1708|INFO|FilterWheelChooserVM.cs|GetEquipment|193|Found 0 Alpaca Filter Wheels
2025-11-19T14:43:33.1710|INFO|WeatherDataChooserVM.cs|GetEquipment|69|Found 0 Alpaca Observing Conditions
2025-11-19T14:43:33.1711|INFO|TelescopeChooserVM.cs|GetEquipment|69|Found 0 Alpaca Telescopes
2025-11-19T14:43:33.1711|INFO|DomeChooserVM.cs|GetEquipment|67|Found 0 Alpaca Domes
2025-11-19T14:43:33.1708|INFO|FlatDeviceChooserVM.cs|GetEquipment|67|Found 0 Alpaca Cover Calibrators
2025-11-19T14:43:33.1708|INFO|SafetyMonitorChooserVM.cs|GetEquipment|71|Found 0 Alpaca Safety Monitors
2025-11-19T14:43:33.5720|INFO|FocuserChooserVM.cs|GetEquipment|67|Found 0 Alpaca Focusers
2025-11-19T14:43:33.9844|INFO|CameraChooserVM.cs|GetEquipment|290|Found 0 Alpaca Cameras
2025-11-19T14:43:33.9871|INFO|CameraChooserVM.cs|GetEquipment|303|Found 0 Canon Cameras
2025-11-19T14:43:37.9475|INFO|ApplicationVM.cs|CheckDiskInfo|102|Drive Z:\ is not ready
2025-11-19T14:43:39.9275|INFO|ApplicationDeviceConnectionVM.cs|UsbDeviceWatcher_DeviceInserted|173|New USB device detected DeviceId: USB\VID_04CB&PID_02E9\593536333431210210CB1010110497, PnpDeviceId: USB\VID_04CB&PID_02E9\593536333431210210CB1010110497, Description: GFX100S, Name: GFX100S, Manufacturer: FUJIFILM, Service: WUDFWpdMtp, Status: OK
2025-11-19T14:43:43.0833|INFO|CameraChooserVM.cs|GetEquipment|69|Found 0 ASI Cameras
2025-11-19T14:43:43.0877|INFO|CameraChooserVM.cs|GetEquipment|84|Found 0 Altair Cameras
2025-11-19T14:43:43.1012|INFO|CameraChooserVM.cs|GetEquipment|96|Found 0 Atik Cameras
2025-11-19T14:43:43.1015|INFO|CameraChooserVM.cs|GetEquipment|110|Found 0 FLI Cameras
2025-11-19T14:43:43.1025|INFO|CameraChooserVM.cs|GetEquipment|130|Found 0 QHYCCD Cameras
2025-11-19T14:43:43.1316|INFO|CameraChooserVM.cs|GetEquipment|158|Found 0 ToupTek Cameras
2025-11-19T14:43:43.1328|INFO|CameraChooserVM.cs|GetEquipment|173|Found 0 Ogma Cameras
2025-11-19T14:43:43.1347|INFO|CameraChooserVM.cs|GetEquipment|188|Found 0 Omegon Cameras
2025-11-19T14:43:43.1607|INFO|CameraChooserVM.cs|GetEquipment|203|Found 0 RisingCam Cameras
2025-11-19T14:43:43.1634|INFO|CameraChooserVM.cs|GetEquipment|218|Found 0 MallinCam Cameras
2025-11-19T14:43:43.1641|INFO|CameraChooserVM.cs|GetEquipment|244|Found 0 SBIG Cameras
2025-11-19T14:43:43.1643|INFO|CameraChooserVM.cs|GetEquipment|264|Found 0 SVBony Cameras
2025-11-19T14:43:43.1644|INFO|CameraChooserVM.cs|GetEquipment|264|Found 0 PlayerOne Cameras
2025-11-19T14:43:43.1648|INFO|CameraChooserVM.cs|GetEquipment|264|Found 0 ASTPAN Cameras
2025-11-19T14:43:43.1870|INFO|CameraChooserVM.cs|GetEquipment|264|Found 1 Fujifilm Cameras
2025-11-19T14:43:43.1874|INFO|CameraChooserVM.cs|GetEquipment|278|Found 4 ASCOM Cameras
2025-11-19T14:43:45.1874|INFO|CameraChooserVM.cs|GetEquipment|290|Found 0 Alpaca Cameras
2025-11-19T14:43:45.1882|INFO|CameraChooserVM.cs|GetEquipment|303|Found 0 Canon Cameras
2025-11-19T14:45:37.1274|INFO|CameraVM.cs|Disconnect|645|Disconnected Camera
2025-11-19T14:45:37.1696|ERROR|GenericCamera.cs|Connect|185
System.EntryPointNotFoundException: Unable to find an entry point named 'XSDK_SetDRange' in DLL 'XAPI.dll'.
   at NINA.Plugins.Fujifilm.Interop.FujifilmSdkWrapper.XSDK_SetDRange(IntPtr hCamera, Int32 lDRange)
   at NINA.Plugins.Fujifilm.Devices.FujiCamera.QuerySensitivityValues()
   at NINA.Plugins.Fujifilm.Devices.FujiCamera.CacheCapabilities()
   at NINA.Plugins.Fujifilm.Devices.FujiCamera.ConnectAsync(FujifilmCameraDescriptor descriptor, CancellationToken cancellationToken)
   at NINA.Plugins.Fujifilm.Devices.FujiCameraSdkAdapter.Connect()
   at NINA.Equipment.Equipment.MyCamera.GenericCamera.<Connect>b__85_0() in C:\Projects\nina\NINA.Equipment\Equipment\MyCamera\GenericCamera.cs:line 177
2025-11-19T14:45:42.7629|INFO|CameraVM.cs|Disconnect|645|Disconnected Camera
2025-11-19T14:45:42.7994|ERROR|GenericCamera.cs|Connect|185
System.EntryPointNotFoundException: Unable to find an entry point named 'XSDK_SetDRange' in DLL 'XAPI.dll'.
   at NINA.Plugins.Fujifilm.Interop.FujifilmSdkWrapper.XSDK_SetDRange(IntPtr hCamera, Int32 lDRange)
   at NINA.Plugins.Fujifilm.Devices.FujiCamera.QuerySensitivityValues()
   at NINA.Plugins.Fujifilm.Devices.FujiCamera.CacheCapabilities()
   at NINA.Plugins.Fujifilm.Devices.FujiCamera.ConnectAsync(FujifilmCameraDescriptor descriptor, CancellationToken cancellationToken)
   at NINA.Plugins.Fujifilm.Devices.FujiCameraSdkAdapter.Connect()
   at NINA.Equipment.Equipment.MyCamera.GenericCamera.<Connect>b__85_0() in C:\Projects\nina\NINA.Equipment\Equipment\MyCamera\GenericCamera.cs:line 177
2025-11-19T14:46:17.6504|INFO|ApplicationVM.cs|Closing|288|Application shutting down
2025-11-19T14:46:17.6567|INFO|DomeVM.cs|Disconnect|336|Disconnected Dome Device
2025-11-19T14:46:17.6575|INFO|FlatDeviceVM.cs|Disconnect|279|Disconnected Flat Device
2025-11-19T14:46:17.6598|INFO|CameraVM.cs|Disconnect|645|Disconnected Camera
2025-11-19T14:46:17.6619|INFO|TelescopeVM.cs|Disconnect|763|Disconnected mount
2025-11-19T14:46:17.6625|INFO|FilterWheelVM.cs|Disconnect|324|Disconnected Filter Wheel
2025-11-19T14:46:17.6631|INFO|FocuserVM.cs|Disconnect|426|Disconnected Focuser
2025-11-19T14:46:17.6638|INFO|RotatorVM.cs|Disconnect|438|Disconnected Rotator
2025-11-19T14:46:17.6645|INFO|SwitchVM.cs|Disconnect|298|Disconnected Switch
2025-11-19T14:46:17.6651|INFO|WeatherDataVM.cs|Disconnect|292|Disconnected Weather Device
2025-11-19T14:46:17.6656|INFO|SafetyMonitorVM.cs|Disconnect|208|Disconnected Safety Monitor
