----------------------------------------------------------------------
--------------N.I.N.A. - Nighttime Imaging 'N' Astronomy--------------
--------------------------Version 3.1.2.9001--------------------------
-------------------------2025-11-19T15:36:51--------------------------
----------------------------------------------------------------------
---------------------Microsoft Windows 10.0.26100---------------------
-------------------------OS Architecture X64--------------------------
-----------------------Process Architecture X64-----------------------
------------------------------.NET 8.0.8------------------------------
----------------------------------------------------------------------
--------------------------Processor Count 16--------------------------
--------------------Total Physical Memory 31.16 GB--------------------
----------------------------------------------------------------------
DATE|LEVEL|SOURCE|MEMBER|LINE|MESSAGE
2025-11-19T15:36:51.8921|INFO|CameraChooserVM.cs|GetEquipment|69|Found 0 ASI Cameras
2025-11-19T15:36:51.9621|INFO|CameraChooserVM.cs|GetEquipment|84|Found 0 Altair Cameras
2025-11-19T15:36:52.3973|INFO|CameraChooserVM.cs|GetEquipment|96|Found 0 Atik Cameras
2025-11-19T15:36:52.3981|INFO|CameraChooserVM.cs|GetEquipment|110|Found 0 FLI Cameras
2025-11-19T15:36:53.1305|INFO|ApplicationVM.cs|CheckDiskInfo|100|Available Space on Drive C:\: 57.32 GB
2025-11-19T15:36:53.1306|INFO|ApplicationVM.cs|CheckDiskInfo|100|Available Space on Drive D:\: 708.57 GB
2025-11-19T15:36:53.1307|INFO|ApplicationVM.cs|CheckDiskInfo|100|Available Space on Drive E:\: 267.18 GB
2025-11-19T15:36:53.1307|INFO|ApplicationVM.cs|CheckDiskInfo|100|Available Space on Drive F:\: 2381.86 GB
2025-11-19T15:36:53.1307|INFO|ApplicationVM.cs|CheckDiskInfo|100|Available Space on Drive G:\: 460.99 GB
2025-11-19T15:36:53.1323|INFO|ApplicationVM.cs|CheckASCOMPlatformVersion|81|ASCOM Platform 6.6.2.4294 installed
2025-11-19T15:36:53.2947|INFO|PluginLoader.cs|LoadPlugin|416|Successfully loaded plugin Fujifilm Native Camera version 2.1.0.0 by Scdouglas
2025-11-19T15:36:53.3651|INFO|PluginLoader.cs|LoadPlugin|416|Successfully loaded plugin Hocus Focus version 3.0.0.18 by George Hilios (jokogeo)
2025-11-19T15:36:53.3732|INFO|PluginLoader.cs|LoadPlugin|416|Successfully loaded plugin Remote Copy version 3.0.0.0 by Tom Palmer @tcpalmer
2025-11-19T15:36:53.3765|INFO|PluginFetcher.cs|RequestAll|43|Fetching plugin manifests from https://nighttime-imaging.eu/wp-json/nina/v1/plugins/manifests
2025-11-19T15:36:53.4105|INFO|CameraChooserVM.cs|GetEquipment|130|Found 0 QHYCCD Cameras
2025-11-19T15:36:53.4507|INFO|CameraChooserVM.cs|GetEquipment|158|Found 0 ToupTek Cameras
2025-11-19T15:36:53.4537|INFO|CameraChooserVM.cs|GetEquipment|173|Found 0 Ogma Cameras
2025-11-19T15:36:53.4583|INFO|CameraChooserVM.cs|GetEquipment|188|Found 0 Omegon Cameras
2025-11-19T15:36:53.4936|INFO|CameraChooserVM.cs|GetEquipment|203|Found 0 RisingCam Cameras
2025-11-19T15:36:53.4988|INFO|CameraChooserVM.cs|GetEquipment|218|Found 0 MallinCam Cameras
2025-11-19T15:36:53.5001|INFO|CameraChooserVM.cs|GetEquipment|244|Found 0 SBIG Cameras
2025-11-19T15:36:53.5022|INFO|CameraChooserVM.cs|GetEquipment|264|Found 0 SVBony Cameras
2025-11-19T15:36:53.5047|INFO|CameraChooserVM.cs|GetEquipment|264|Found 0 PlayerOne Cameras
2025-11-19T15:36:53.5063|INFO|CameraChooserVM.cs|GetEquipment|264|Found 0 ASTPAN Cameras
2025-11-19T15:36:53.7870|INFO|FocuserChooserVM.cs|GetEquipment|46|Found 0 Fujifilm Focuser Focusers
2025-11-19T15:36:54.1887|INFO|CameraChooserVM.cs|GetEquipment|264|Found 0 Fujifilm Cameras
2025-11-19T15:36:54.1892|INFO|CameraChooserVM.cs|GetEquipment|278|Found 4 ASCOM Cameras
2025-11-19T15:36:54.2828|INFO|PluginFetcher.cs|RequestAll|57|Found 61 valid plugins at https://nighttime-imaging.eu/wp-json/nina/v1/plugins/manifests
2025-11-19T15:36:55.3917|INFO|TelescopeChooserVM.cs|GetEquipment|69|Found 0 Alpaca Telescopes
2025-11-19T15:36:55.3917|INFO|FlatDeviceChooserVM.cs|GetEquipment|67|Found 0 Alpaca Cover Calibrators
2025-11-19T15:36:55.3917|INFO|SafetyMonitorChooserVM.cs|GetEquipment|71|Found 0 Alpaca Safety Monitors
2025-11-19T15:36:55.3918|INFO|RotatorChooserVM.cs|GetEquipment|68|Found 0 Alpaca Rotators
2025-11-19T15:36:55.3918|INFO|DomeChooserVM.cs|GetEquipment|67|Found 0 Alpaca Domes
2025-11-19T15:36:55.3917|INFO|WeatherDataChooserVM.cs|GetEquipment|69|Found 0 Alpaca Observing Conditions
2025-11-19T15:36:55.3919|INFO|SwitchChooserVM.cs|GetEquipment|71|Found 0 Alpaca Switch Hubs
2025-11-19T15:36:55.4289|INFO|FilterWheelChooserVM.cs|GetEquipment|193|Found 0 Alpaca Filter Wheels
2025-11-19T15:36:55.7899|INFO|FocuserChooserVM.cs|GetEquipment|67|Found 0 Alpaca Focusers
2025-11-19T15:36:55.8638|INFO|ApplicationVM.cs|CheckDiskInfo|102|Drive Z:\ is not ready
2025-11-19T15:36:56.1900|INFO|CameraChooserVM.cs|GetEquipment|290|Found 0 Alpaca Cameras
2025-11-19T15:36:56.1905|INFO|CameraChooserVM.cs|GetEquipment|303|Found 0 Canon Cameras
2025-11-19T15:36:57.6553|INFO|ApplicationDeviceConnectionVM.cs|UsbDeviceWatcher_DeviceInserted|173|New USB device detected DeviceId: USB\VID_04CB&PID_02E9\593536333431210210CB1010110497, PnpDeviceId: USB\VID_04CB&PID_02E9\593536333431210210CB1010110497, Description: GFX100S, Name: GFX100S, Manufacturer: FUJIFILM, Service: WUDFWpdMtp, Status: OK
2025-11-19T15:37:00.3237|INFO|CameraChooserVM.cs|GetEquipment|69|Found 0 ASI Cameras
2025-11-19T15:37:00.3291|INFO|CameraChooserVM.cs|GetEquipment|84|Found 0 Altair Cameras
2025-11-19T15:37:00.3430|INFO|CameraChooserVM.cs|GetEquipment|96|Found 0 Atik Cameras
2025-11-19T15:37:00.3432|INFO|CameraChooserVM.cs|GetEquipment|110|Found 0 FLI Cameras
2025-11-19T15:37:00.3432|INFO|CameraChooserVM.cs|GetEquipment|130|Found 0 QHYCCD Cameras
2025-11-19T15:37:00.3709|INFO|CameraChooserVM.cs|GetEquipment|158|Found 0 ToupTek Cameras
2025-11-19T15:37:00.3718|INFO|CameraChooserVM.cs|GetEquipment|173|Found 0 Ogma Cameras
2025-11-19T15:37:00.3736|INFO|CameraChooserVM.cs|GetEquipment|188|Found 0 Omegon Cameras
2025-11-19T15:37:00.4004|INFO|CameraChooserVM.cs|GetEquipment|203|Found 0 RisingCam Cameras
2025-11-19T15:37:00.4037|INFO|CameraChooserVM.cs|GetEquipment|218|Found 0 MallinCam Cameras
2025-11-19T15:37:00.4044|INFO|CameraChooserVM.cs|GetEquipment|244|Found 0 SBIG Cameras
2025-11-19T15:37:00.4046|INFO|CameraChooserVM.cs|GetEquipment|264|Found 0 SVBony Cameras
2025-11-19T15:37:00.4047|INFO|CameraChooserVM.cs|GetEquipment|264|Found 0 PlayerOne Cameras
2025-11-19T15:37:00.4049|INFO|CameraChooserVM.cs|GetEquipment|264|Found 0 ASTPAN Cameras
2025-11-19T15:37:00.4206|INFO|CameraChooserVM.cs|GetEquipment|264|Found 1 Fujifilm Cameras
2025-11-19T15:37:00.4210|INFO|CameraChooserVM.cs|GetEquipment|278|Found 4 ASCOM Cameras
2025-11-19T15:37:02.4202|INFO|CameraChooserVM.cs|GetEquipment|290|Found 0 Alpaca Cameras
2025-11-19T15:37:02.4208|INFO|CameraChooserVM.cs|GetEquipment|303|Found 0 Canon Cameras
2025-11-19T15:37:03.6539|INFO|CameraVM.cs|Disconnect|645|Disconnected Camera
2025-11-19T15:37:03.7772|INFO|CameraVM.cs|ChooseCamera|448|Successfully connected Camera. Id: Fujifilm Camera Plugin_GFX100S Name: GFX100S DisplayName: GFX100S (_GFX100S)Driver Version: 1.9.0
2025-11-19T15:37:11.4491|INFO|DockManagerVM.cs|InitializeAvalonDockLayout|356|Initializing imaging tab layout from C:\Users\scdou\AppData\Local\NINA\Profiles\25bec54d-e9eb-422c-b3e4-bc5b9f13d29f.dock.config
2025-11-19T15:37:13.8719|INFO|CameraVM.cs|Capture|737|Starting Exposure - Exposure Time: 1s; Filter: ; Gain: 100; Offset 0; Binning: 1x1;
2025-11-19T15:37:18.3945|ERROR|ImagingVM.cs|PrepareImage|348|Failed to prepare image
System.DivideByZeroException: Attempted to divide by zero.
   at NINA.Image.ImageAnalysis.BayerFilter16bpp.ProcessFilter(UnmanagedImage sourceData, UnmanagedImage destinationData) in C:\Projects\nina\NINA.Image\ImageAnalysis\BayerFilter16bpp.cs:line 142
   at Accord.Imaging.Filters.BaseFilter.Apply(BitmapData imageData)
   at Accord.Imaging.Filters.BaseFilter.Apply(Bitmap image)
   at NINA.Image.ImageAnalysis.ImageUtility.Debayer(Bitmap bmp, Boolean saveColorChannels, Boolean saveLumChannel, SensorType bayerPattern) in C:\Projects\nina\NINA.Image\ImageAnalysis\ImageUtility.cs:line 278
   at NINA.Image.ImageAnalysis.ImageUtility.Debayer(BitmapSource source, PixelFormat pf, Boolean saveColorChannels, Boolean saveLumChannel, SensorType bayerPattern) in C:\Projects\nina\NINA.Image\ImageAnalysis\ImageUtility.cs:line 227
   at NINA.Image.ImageData.DebayeredImage.Debayer(IRenderedImage imageData, IProfileService profileService, IStarDetection starDetection, IStarAnnotator starAnnotator, Boolean saveColorChannels, Boolean saveLumChannel, SensorType bayerPattern) in C:\Projects\nina\NINA.Image\ImageData\DebayeredImage.cs:line 57
   at NINA.Image.ImageData.RenderedImage.Debayer(Boolean saveColorChannels, Boolean saveLumChannel, SensorType bayerPattern) in C:\Projects\nina\NINA.Image\ImageData\RenderedImage.cs:line 73
   at NINA.ViewModel.ImageControlVM.PrepareImage(IImageData data, PrepareImageParameters parameters, CancellationToken cancelToken) in C:\Projects\nina\NINA\ViewModel\ImageControlVM.cs:line 621
   at NINA.ViewModel.ImagingVM.<>c__DisplayClass46_0.<<PrepareImage>b__0>d.MoveNext() in C:\Projects\nina\NINA\ViewModel\ImagingVM.cs:line 342
2025-11-19T15:37:18.3972|ERROR|AnchorableSnapshotVM.cs|SnapImage|414
System.DivideByZeroException: Attempted to divide by zero.
   at NINA.Image.ImageAnalysis.BayerFilter16bpp.ProcessFilter(UnmanagedImage sourceData, UnmanagedImage destinationData) in C:\Projects\nina\NINA.Image\ImageAnalysis\BayerFilter16bpp.cs:line 142
   at Accord.Imaging.Filters.BaseFilter.Apply(BitmapData imageData)
   at Accord.Imaging.Filters.BaseFilter.Apply(Bitmap image)
   at NINA.Image.ImageAnalysis.ImageUtility.Debayer(Bitmap bmp, Boolean saveColorChannels, Boolean saveLumChannel, SensorType bayerPattern) in C:\Projects\nina\NINA.Image\ImageAnalysis\ImageUtility.cs:line 278
   at NINA.Image.ImageAnalysis.ImageUtility.Debayer(BitmapSource source, PixelFormat pf, Boolean saveColorChannels, Boolean saveLumChannel, SensorType bayerPattern) in C:\Projects\nina\NINA.Image\ImageAnalysis\ImageUtility.cs:line 227
   at NINA.Image.ImageData.DebayeredImage.Debayer(IRenderedImage imageData, IProfileService profileService, IStarDetection starDetection, IStarAnnotator starAnnotator, Boolean saveColorChannels, Boolean saveLumChannel, SensorType bayerPattern) in C:\Projects\nina\NINA.Image\ImageData\DebayeredImage.cs:line 57
   at NINA.Image.ImageData.RenderedImage.Debayer(Boolean saveColorChannels, Boolean saveLumChannel, SensorType bayerPattern) in C:\Projects\nina\NINA.Image\ImageData\RenderedImage.cs:line 73
   at NINA.ViewModel.ImageControlVM.PrepareImage(IImageData data, PrepareImageParameters parameters, CancellationToken cancelToken) in C:\Projects\nina\NINA\ViewModel\ImageControlVM.cs:line 621
   at NINA.ViewModel.ImagingVM.<>c__DisplayClass46_0.<<PrepareImage>b__0>d.MoveNext() in C:\Projects\nina\NINA\ViewModel\ImagingVM.cs:line 342
--- End of stack trace from previous location ---
   at NINA.ViewModel.Imaging.AnchorableSnapshotVM.SnapImage(IProgress`1 progress) in C:\Projects\nina\NINA\ViewModel\Imaging\AnchorableSnapshotVM.cs:line 404
2025-11-19T15:37:35.0877|INFO|CameraVM.cs|Disconnect|645|Disconnected Camera
2025-11-19T15:37:35.8908|INFO|ApplicationVM.cs|Closing|288|Application shutting down
2025-11-19T15:37:35.8993|INFO|DomeVM.cs|Disconnect|336|Disconnected Dome Device
2025-11-19T15:37:35.9001|INFO|FlatDeviceVM.cs|Disconnect|279|Disconnected Flat Device
2025-11-19T15:37:35.9024|INFO|CameraVM.cs|Disconnect|645|Disconnected Camera
2025-11-19T15:37:35.9042|INFO|TelescopeVM.cs|Disconnect|763|Disconnected mount
2025-11-19T15:37:35.9047|INFO|FilterWheelVM.cs|Disconnect|324|Disconnected Filter Wheel
2025-11-19T15:37:35.9053|INFO|FocuserVM.cs|Disconnect|426|Disconnected Focuser
2025-11-19T15:37:35.9061|INFO|RotatorVM.cs|Disconnect|438|Disconnected Rotator
2025-11-19T15:37:35.9068|INFO|SwitchVM.cs|Disconnect|298|Disconnected Switch
2025-11-19T15:37:35.9075|INFO|WeatherDataVM.cs|Disconnect|292|Disconnected Weather Device
2025-11-19T15:37:35.9080|INFO|SafetyMonitorVM.cs|Disconnect|208|Disconnected Safety Monitor
