----------------------------------------------------------------------
--------------N.I.N.A. - Nighttime Imaging 'N' Astronomy--------------
--------------------------Version 3.1.2.9001--------------------------
-------------------------2025-11-19T15:11:29--------------------------
----------------------------------------------------------------------
---------------------Microsoft Windows 10.0.26100---------------------
-------------------------OS Architecture X64--------------------------
-----------------------Process Architecture X64-----------------------
------------------------------.NET 8.0.8------------------------------
----------------------------------------------------------------------
--------------------------Processor Count 16--------------------------
--------------------Total Physical Memory 31.16 GB--------------------
----------------------------------------------------------------------
DATE|LEVEL|SOURCE|MEMBER|LINE|MESSAGE
2025-11-19T15:11:29.7354|INFO|CameraChooserVM.cs|GetEquipment|69|Found 0 ASI Cameras
2025-11-19T15:11:29.8015|INFO|CameraChooserVM.cs|GetEquipment|84|Found 0 Altair Cameras
2025-11-19T15:11:30.2180|INFO|CameraChooserVM.cs|GetEquipment|96|Found 0 Atik Cameras
2025-11-19T15:11:30.2183|INFO|CameraChooserVM.cs|GetEquipment|110|Found 0 FLI Cameras
2025-11-19T15:11:30.3565|INFO|PluginLoader.cs|LoadPlugin|416|Successfully loaded plugin Fujifilm Native Camera version 2.1.0.0 by Scdouglas
2025-11-19T15:11:31.0155|INFO|ApplicationVM.cs|CheckDiskInfo|100|Available Space on Drive C:\: 57.6 GB
2025-11-19T15:11:31.0157|INFO|ApplicationVM.cs|CheckDiskInfo|100|Available Space on Drive D:\: 708.57 GB
2025-11-19T15:11:31.0157|INFO|ApplicationVM.cs|CheckDiskInfo|100|Available Space on Drive E:\: 267.18 GB
2025-11-19T15:11:31.0158|INFO|ApplicationVM.cs|CheckDiskInfo|100|Available Space on Drive F:\: 2381.86 GB
2025-11-19T15:11:31.0159|INFO|ApplicationVM.cs|CheckDiskInfo|100|Available Space on Drive G:\: 460.99 GB
2025-11-19T15:11:31.0178|INFO|ApplicationVM.cs|CheckASCOMPlatformVersion|81|ASCOM Platform 6.6.2.4294 installed
2025-11-19T15:11:31.2365|INFO|CameraChooserVM.cs|GetEquipment|130|Found 0 QHYCCD Cameras
2025-11-19T15:11:31.2729|INFO|PluginLoader.cs|LoadPlugin|416|Successfully loaded plugin Hocus Focus version 3.0.0.18 by George Hilios (jokogeo)
2025-11-19T15:11:31.2835|INFO|PluginLoader.cs|LoadPlugin|416|Successfully loaded plugin Remote Copy version 3.0.0.0 by Tom Palmer @tcpalmer
2025-11-19T15:11:31.2875|INFO|PluginFetcher.cs|RequestAll|43|Fetching plugin manifests from https://nighttime-imaging.eu/wp-json/nina/v1/plugins/manifests
2025-11-19T15:11:31.2910|INFO|CameraChooserVM.cs|GetEquipment|158|Found 0 ToupTek Cameras
2025-11-19T15:11:31.2937|INFO|CameraChooserVM.cs|GetEquipment|173|Found 0 Ogma Cameras
2025-11-19T15:11:31.2974|INFO|CameraChooserVM.cs|GetEquipment|188|Found 0 Omegon Cameras
2025-11-19T15:11:31.3323|INFO|FocuserChooserVM.cs|GetEquipment|46|Found 1 Fujifilm Focuser Focusers
2025-11-19T15:11:31.3355|INFO|CameraChooserVM.cs|GetEquipment|203|Found 0 RisingCam Cameras
2025-11-19T15:11:31.3401|INFO|CameraChooserVM.cs|GetEquipment|218|Found 0 MallinCam Cameras
2025-11-19T15:11:31.3413|INFO|CameraChooserVM.cs|GetEquipment|244|Found 0 SBIG Cameras
2025-11-19T15:11:31.3436|INFO|CameraChooserVM.cs|GetEquipment|264|Found 0 SVBony Cameras
2025-11-19T15:11:31.3457|INFO|CameraChooserVM.cs|GetEquipment|264|Found 0 PlayerOne Cameras
2025-11-19T15:11:31.3472|INFO|CameraChooserVM.cs|GetEquipment|264|Found 0 ASTPAN Cameras
2025-11-19T15:11:31.3651|INFO|CameraChooserVM.cs|GetEquipment|264|Found 1 Fujifilm Cameras
2025-11-19T15:11:31.3658|INFO|CameraChooserVM.cs|GetEquipment|278|Found 4 ASCOM Cameras
2025-11-19T15:11:32.2173|INFO|PluginFetcher.cs|RequestAll|57|Found 61 valid plugins at https://nighttime-imaging.eu/wp-json/nina/v1/plugins/manifests
2025-11-19T15:11:33.3157|INFO|FilterWheelChooserVM.cs|GetEquipment|193|Found 0 Alpaca Filter Wheels
2025-11-19T15:11:33.3157|INFO|FlatDeviceChooserVM.cs|GetEquipment|67|Found 0 Alpaca Cover Calibrators
2025-11-19T15:11:33.3157|INFO|RotatorChooserVM.cs|GetEquipment|68|Found 0 Alpaca Rotators
2025-11-19T15:11:33.3157|INFO|SafetyMonitorChooserVM.cs|GetEquipment|71|Found 0 Alpaca Safety Monitors
2025-11-19T15:11:33.3157|INFO|DomeChooserVM.cs|GetEquipment|67|Found 0 Alpaca Domes
2025-11-19T15:11:33.3157|INFO|SwitchChooserVM.cs|GetEquipment|71|Found 0 Alpaca Switch Hubs
2025-11-19T15:11:33.3157|INFO|TelescopeChooserVM.cs|GetEquipment|69|Found 0 Alpaca Telescopes
2025-11-19T15:11:33.3157|INFO|WeatherDataChooserVM.cs|GetEquipment|69|Found 0 Alpaca Observing Conditions
2025-11-19T15:11:33.3341|INFO|FocuserChooserVM.cs|GetEquipment|67|Found 0 Alpaca Focusers
2025-11-19T15:11:33.3683|INFO|CameraChooserVM.cs|GetEquipment|290|Found 0 Alpaca Cameras
2025-11-19T15:11:33.3699|INFO|CameraChooserVM.cs|GetEquipment|303|Found 0 Canon Cameras
2025-11-19T15:11:33.8520|INFO|ApplicationVM.cs|CheckDiskInfo|102|Drive Z:\ is not ready
2025-11-19T15:11:36.3467|INFO|CameraVM.cs|Disconnect|645|Disconnected Camera
2025-11-19T15:11:36.4500|INFO|CameraVM.cs|ChooseCamera|448|Successfully connected Camera. Id: Fujifilm Camera Plugin_GFX100S Name: GFX100S DisplayName: GFX100S (_GFX100S)Driver Version: 1.9.0
2025-11-19T15:11:48.8483|INFO|DockManagerVM.cs|InitializeAvalonDockLayout|356|Initializing imaging tab layout from C:\Users\scdou\AppData\Local\NINA\Profiles\25bec54d-e9eb-422c-b3e4-bc5b9f13d29f.dock.config
2025-11-19T15:11:50.9690|INFO|CameraVM.cs|Capture|737|Starting Exposure - Exposure Time: 1s; Filter: ; Gain: 100; Offset 0; Binning: 1x1;
2025-11-19T15:12:08.5740|INFO|CameraVM.cs|Disconnect|645|Disconnected Camera
2025-11-19T15:12:10.3678|INFO|ApplicationDeviceConnectionVM.cs|UsbDeviceWatcher_DeviceRemoved|178|USB Device disconnected DeviceId: USB\VID_04CB&PID_02E9\593536333431210210CB1010110497, PnpDeviceId: USB\VID_04CB&PID_02E9\593536333431210210CB1010110497, Description: GFX100S, Name: GFX100S, Manufacturer: FUJIFILM, Service: WUDFWpdMtp, Status: OK
2025-11-19T15:12:13.8148|INFO|ApplicationDeviceConnectionVM.cs|UsbDeviceWatcher_DeviceInserted|173|New USB device detected DeviceId: USB\VID_04CB&PID_02E9\593536333431210210CB1010110497, PnpDeviceId: USB\VID_04CB&PID_02E9\593536333431210210CB1010110497, Description: GFX100S, Name: GFX100S, Manufacturer: FUJIFILM, Service: WUDFWpdMtp, Status: OK
2025-11-19T15:12:16.9564|INFO|CameraVM.cs|Disconnect|645|Disconnected Camera
2025-11-19T15:12:17.1031|INFO|CameraVM.cs|ChooseCamera|448|Successfully connected Camera. Id: Fujifilm Camera Plugin_GFX100S Name: GFX100S DisplayName: GFX100S (_GFX100S)Driver Version: 1.9.0
2025-11-19T15:12:20.1854|INFO|CameraVM.cs|Capture|737|Starting Exposure - Exposure Time: 1s; Filter: ; Gain: 100; Offset 0; Binning: 1x1;
2025-11-19T15:12:23.7385|ERROR|ImagingVM.cs|PrepareImage|348|Failed to prepare image
Accord.Imaging.InvalidImagePropertiesException: Unsupported CFA/Bayer pattern: Color
   at NINA.Image.ImageAnalysis.ImageUtility.Debayer(Bitmap bmp, Boolean saveColorChannels, Boolean saveLumChannel, SensorType bayerPattern) in C:\Projects\nina\NINA.Image\ImageAnalysis\ImageUtility.cs:line 274
   at NINA.Image.ImageAnalysis.ImageUtility.Debayer(BitmapSource source, PixelFormat pf, Boolean saveColorChannels, Boolean saveLumChannel, SensorType bayerPattern) in C:\Projects\nina\NINA.Image\ImageAnalysis\ImageUtility.cs:line 227
   at NINA.Image.ImageData.DebayeredImage.Debayer(IRenderedImage imageData, IProfileService profileService, IStarDetection starDetection, IStarAnnotator starAnnotator, Boolean saveColorChannels, Boolean saveLumChannel, SensorType bayerPattern) in C:\Projects\nina\NINA.Image\ImageData\DebayeredImage.cs:line 57
   at NINA.Image.ImageData.RenderedImage.Debayer(Boolean saveColorChannels, Boolean saveLumChannel, SensorType bayerPattern) in C:\Projects\nina\NINA.Image\ImageData\RenderedImage.cs:line 73
   at NINA.ViewModel.ImageControlVM.PrepareImage(IImageData data, PrepareImageParameters parameters, CancellationToken cancelToken) in C:\Projects\nina\NINA\ViewModel\ImageControlVM.cs:line 621
   at NINA.ViewModel.ImagingVM.<>c__DisplayClass46_0.<<PrepareImage>b__0>d.MoveNext() in C:\Projects\nina\NINA\ViewModel\ImagingVM.cs:line 342
2025-11-19T15:12:23.7521|ERROR|AnchorableSnapshotVM.cs|SnapImage|414
Accord.Imaging.InvalidImagePropertiesException: Unsupported CFA/Bayer pattern: Color
   at NINA.Image.ImageAnalysis.ImageUtility.Debayer(Bitmap bmp, Boolean saveColorChannels, Boolean saveLumChannel, SensorType bayerPattern) in C:\Projects\nina\NINA.Image\ImageAnalysis\ImageUtility.cs:line 274
   at NINA.Image.ImageAnalysis.ImageUtility.Debayer(BitmapSource source, PixelFormat pf, Boolean saveColorChannels, Boolean saveLumChannel, SensorType bayerPattern) in C:\Projects\nina\NINA.Image\ImageAnalysis\ImageUtility.cs:line 227
   at NINA.Image.ImageData.DebayeredImage.Debayer(IRenderedImage imageData, IProfileService profileService, IStarDetection starDetection, IStarAnnotator starAnnotator, Boolean saveColorChannels, Boolean saveLumChannel, SensorType bayerPattern) in C:\Projects\nina\NINA.Image\ImageData\DebayeredImage.cs:line 57
   at NINA.Image.ImageData.RenderedImage.Debayer(Boolean saveColorChannels, Boolean saveLumChannel, SensorType bayerPattern) in C:\Projects\nina\NINA.Image\ImageData\RenderedImage.cs:line 73
   at NINA.ViewModel.ImageControlVM.PrepareImage(IImageData data, PrepareImageParameters parameters, CancellationToken cancelToken) in C:\Projects\nina\NINA\ViewModel\ImageControlVM.cs:line 621
   at NINA.ViewModel.ImagingVM.<>c__DisplayClass46_0.<<PrepareImage>b__0>d.MoveNext() in C:\Projects\nina\NINA\ViewModel\ImagingVM.cs:line 342
--- End of stack trace from previous location ---
   at NINA.ViewModel.Imaging.AnchorableSnapshotVM.SnapImage(IProgress`1 progress) in C:\Projects\nina\NINA\ViewModel\Imaging\AnchorableSnapshotVM.cs:line 404
2025-11-19T15:12:50.6060|INFO|CameraVM.cs|Capture|737|Starting Exposure - Exposure Time: 1s; Filter: ; Gain: 100; Offset 0; Binning: 1x1;
2025-11-19T15:12:54.0624|ERROR|ImagingVM.cs|PrepareImage|348|Failed to prepare image
Accord.Imaging.InvalidImagePropertiesException: Unsupported CFA/Bayer pattern: Color
   at NINA.Image.ImageAnalysis.ImageUtility.Debayer(Bitmap bmp, Boolean saveColorChannels, Boolean saveLumChannel, SensorType bayerPattern) in C:\Projects\nina\NINA.Image\ImageAnalysis\ImageUtility.cs:line 274
   at NINA.Image.ImageAnalysis.ImageUtility.Debayer(BitmapSource source, PixelFormat pf, Boolean saveColorChannels, Boolean saveLumChannel, SensorType bayerPattern) in C:\Projects\nina\NINA.Image\ImageAnalysis\ImageUtility.cs:line 227
   at NINA.Image.ImageData.DebayeredImage.Debayer(IRenderedImage imageData, IProfileService profileService, IStarDetection starDetection, IStarAnnotator starAnnotator, Boolean saveColorChannels, Boolean saveLumChannel, SensorType bayerPattern) in C:\Projects\nina\NINA.Image\ImageData\DebayeredImage.cs:line 57
   at NINA.Image.ImageData.RenderedImage.Debayer(Boolean saveColorChannels, Boolean saveLumChannel, SensorType bayerPattern) in C:\Projects\nina\NINA.Image\ImageData\RenderedImage.cs:line 73
   at NINA.ViewModel.ImageControlVM.PrepareImage(IImageData data, PrepareImageParameters parameters, CancellationToken cancelToken) in C:\Projects\nina\NINA\ViewModel\ImageControlVM.cs:line 621
   at NINA.ViewModel.ImagingVM.<>c__DisplayClass46_0.<<PrepareImage>b__0>d.MoveNext() in C:\Projects\nina\NINA\ViewModel\ImagingVM.cs:line 342
2025-11-19T15:12:54.0670|ERROR|AnchorableSnapshotVM.cs|SnapImage|414
Accord.Imaging.InvalidImagePropertiesException: Unsupported CFA/Bayer pattern: Color
   at NINA.Image.ImageAnalysis.ImageUtility.Debayer(Bitmap bmp, Boolean saveColorChannels, Boolean saveLumChannel, SensorType bayerPattern) in C:\Projects\nina\NINA.Image\ImageAnalysis\ImageUtility.cs:line 274
   at NINA.Image.ImageAnalysis.ImageUtility.Debayer(BitmapSource source, PixelFormat pf, Boolean saveColorChannels, Boolean saveLumChannel, SensorType bayerPattern) in C:\Projects\nina\NINA.Image\ImageAnalysis\ImageUtility.cs:line 227
   at NINA.Image.ImageData.DebayeredImage.Debayer(IRenderedImage imageData, IProfileService profileService, IStarDetection starDetection, IStarAnnotator starAnnotator, Boolean saveColorChannels, Boolean saveLumChannel, SensorType bayerPattern) in C:\Projects\nina\NINA.Image\ImageData\DebayeredImage.cs:line 57
   at NINA.Image.ImageData.RenderedImage.Debayer(Boolean saveColorChannels, Boolean saveLumChannel, SensorType bayerPattern) in C:\Projects\nina\NINA.Image\ImageData\RenderedImage.cs:line 73
   at NINA.ViewModel.ImageControlVM.PrepareImage(IImageData data, PrepareImageParameters parameters, CancellationToken cancelToken) in C:\Projects\nina\NINA\ViewModel\ImageControlVM.cs:line 621
   at NINA.ViewModel.ImagingVM.<>c__DisplayClass46_0.<<PrepareImage>b__0>d.MoveNext() in C:\Projects\nina\NINA\ViewModel\ImagingVM.cs:line 342
--- End of stack trace from previous location ---
   at NINA.ViewModel.Imaging.AnchorableSnapshotVM.SnapImage(IProgress`1 progress) in C:\Projects\nina\NINA\ViewModel\Imaging\AnchorableSnapshotVM.cs:line 404
2025-11-19T15:13:14.9060|INFO|ApplicationVM.cs|Closing|288|Application shutting down
2025-11-19T15:13:14.9139|INFO|DomeVM.cs|Disconnect|336|Disconnected Dome Device
2025-11-19T15:13:14.9149|INFO|FlatDeviceVM.cs|Disconnect|279|Disconnected Flat Device
2025-11-19T15:13:14.9302|INFO|CameraVM.cs|Disconnect|645|Disconnected Camera
2025-11-19T15:13:14.9324|INFO|TelescopeVM.cs|Disconnect|763|Disconnected mount
2025-11-19T15:13:14.9330|INFO|FilterWheelVM.cs|Disconnect|324|Disconnected Filter Wheel
2025-11-19T15:13:14.9336|INFO|FocuserVM.cs|Disconnect|426|Disconnected Focuser
2025-11-19T15:13:14.9346|INFO|RotatorVM.cs|Disconnect|438|Disconnected Rotator
2025-11-19T15:13:14.9354|INFO|SwitchVM.cs|Disconnect|298|Disconnected Switch
2025-11-19T15:13:14.9360|INFO|WeatherDataVM.cs|Disconnect|292|Disconnected Weather Device
2025-11-19T15:13:14.9366|INFO|SafetyMonitorVM.cs|Disconnect|208|Disconnected Safety Monitor
