----------------------------------------------------------------------
--------------N.I.N.A. - Nighttime Imaging 'N' Astronomy--------------
--------------------------Version 3.1.2.9001--------------------------
-------------------------2025-11-21T16:46:15--------------------------
----------------------------------------------------------------------
---------------------Microsoft Windows 10.0.26100---------------------
-------------------------OS Architecture X64--------------------------
-----------------------Process Architecture X64-----------------------
------------------------------.NET 8.0.8------------------------------
----------------------------------------------------------------------
--------------------------Processor Count 16--------------------------
--------------------Total Physical Memory 31.16 GB--------------------
----------------------------------------------------------------------
DATE|LEVEL|SOURCE|MEMBER|LINE|MESSAGE
2025-11-21T16:46:14.8802|INFO|CameraChooserVM.cs|GetEquipment|69|Found 0 ASI Cameras
2025-11-21T16:46:15.3098|INFO|CameraChooserVM.cs|GetEquipment|84|Found 0 Altair Cameras
2025-11-21T16:46:15.5212|INFO|CameraChooserVM.cs|GetEquipment|96|Found 0 Atik Cameras
2025-11-21T16:46:15.5215|INFO|CameraChooserVM.cs|GetEquipment|110|Found 0 FLI Cameras
2025-11-21T16:46:16.6086|INFO|CameraChooserVM.cs|GetEquipment|130|Found 0 QHYCCD Cameras
2025-11-21T16:46:16.7635|INFO|CameraChooserVM.cs|GetEquipment|158|Found 0 ToupTek Cameras
2025-11-21T16:46:16.8165|INFO|CameraChooserVM.cs|GetEquipment|173|Found 0 Ogma Cameras
2025-11-21T16:46:16.8679|INFO|CameraChooserVM.cs|GetEquipment|188|Found 0 Omegon Cameras
2025-11-21T16:46:17.0232|INFO|CameraChooserVM.cs|GetEquipment|203|Found 0 RisingCam Cameras
2025-11-21T16:46:17.0870|INFO|CameraChooserVM.cs|GetEquipment|218|Found 0 MallinCam Cameras
2025-11-21T16:46:17.0878|INFO|CameraChooserVM.cs|GetEquipment|244|Found 0 SBIG Cameras
2025-11-21T16:46:17.1421|INFO|PluginLoader.cs|LoadPlugin|416|Successfully loaded plugin Fujifilm Native Camera version 2.1.0.0 by Scdouglas
2025-11-21T16:46:17.1786|INFO|ApplicationVM.cs|CheckDiskInfo|100|Available Space on Drive C:\: 58.2 GB
2025-11-21T16:46:17.1788|INFO|ApplicationVM.cs|CheckDiskInfo|100|Available Space on Drive D:\: 708.57 GB
2025-11-21T16:46:17.1788|INFO|ApplicationVM.cs|CheckDiskInfo|100|Available Space on Drive E:\: 267.18 GB
2025-11-21T16:46:17.1789|INFO|ApplicationVM.cs|CheckDiskInfo|100|Available Space on Drive F:\: 2381.86 GB
2025-11-21T16:46:17.1789|INFO|ApplicationVM.cs|CheckDiskInfo|100|Available Space on Drive G:\: 498.58 GB
2025-11-21T16:46:17.3543|INFO|ApplicationVM.cs|CheckASCOMPlatformVersion|81|ASCOM Platform 6.6.2.4294 installed
2025-11-21T16:46:19.6179|INFO|PluginLoader.cs|LoadPlugin|416|Successfully loaded plugin Hocus Focus version 3.0.0.18 by George Hilios (jokogeo)
2025-11-21T16:46:19.9321|INFO|ApplicationVM.cs|CheckDiskInfo|102|Drive Z:\ is not ready
2025-11-21T16:46:20.0446|INFO|PluginLoader.cs|LoadPlugin|416|Successfully loaded plugin Remote Copy version 3.0.0.0 by Tom Palmer @tcpalmer
2025-11-21T16:46:20.0492|INFO|PluginFetcher.cs|RequestAll|43|Fetching plugin manifests from https://nighttime-imaging.eu/wp-json/nina/v1/plugins/manifests
2025-11-21T16:46:20.1140|INFO|CameraChooserVM.cs|GetEquipment|264|Found 0 SVBony Cameras
2025-11-21T16:46:20.1615|INFO|CameraChooserVM.cs|GetEquipment|264|Found 0 PlayerOne Cameras
2025-11-21T16:46:20.1711|INFO|CameraChooserVM.cs|GetEquipment|264|Found 0 ASTPAN Cameras
2025-11-21T16:46:20.1871|INFO|FocuserChooserVM.cs|GetEquipment|46|Found 1 Fujifilm Focuser Focusers
2025-11-21T16:46:20.1873|INFO|CameraChooserVM.cs|GetEquipment|264|Found 0 Fujifilm Cameras
2025-11-21T16:46:20.1879|INFO|CameraChooserVM.cs|GetEquipment|278|Found 4 ASCOM Cameras
2025-11-21T16:46:20.7198|INFO|PluginFetcher.cs|RequestAll|57|Found 61 valid plugins at https://nighttime-imaging.eu/wp-json/nina/v1/plugins/manifests
2025-11-21T16:46:22.0749|INFO|DomeChooserVM.cs|GetEquipment|67|Found 0 Alpaca Domes
2025-11-21T16:46:22.0749|INFO|FlatDeviceChooserVM.cs|GetEquipment|67|Found 0 Alpaca Cover Calibrators
2025-11-21T16:46:22.0751|INFO|FilterWheelChooserVM.cs|GetEquipment|193|Found 0 Alpaca Filter Wheels
2025-11-21T16:46:22.0768|INFO|SafetyMonitorChooserVM.cs|GetEquipment|71|Found 0 Alpaca Safety Monitors
2025-11-21T16:46:22.0772|INFO|WeatherDataChooserVM.cs|GetEquipment|69|Found 0 Alpaca Observing Conditions
2025-11-21T16:46:22.0781|INFO|RotatorChooserVM.cs|GetEquipment|68|Found 0 Alpaca Rotators
2025-11-21T16:46:22.0795|INFO|SwitchChooserVM.cs|GetEquipment|71|Found 0 Alpaca Switch Hubs
2025-11-21T16:46:22.0800|INFO|TelescopeChooserVM.cs|GetEquipment|69|Found 0 Alpaca Telescopes
2025-11-21T16:46:22.1884|INFO|CameraChooserVM.cs|GetEquipment|290|Found 0 Alpaca Cameras
2025-11-21T16:46:22.1885|INFO|FocuserChooserVM.cs|GetEquipment|67|Found 0 Alpaca Focusers
2025-11-21T16:46:22.1918|INFO|CameraChooserVM.cs|GetEquipment|303|Found 0 Canon Cameras
2025-11-21T16:46:25.0804|INFO|CameraChooserVM.cs|GetEquipment|69|Found 0 ASI Cameras
2025-11-21T16:46:25.0849|INFO|CameraChooserVM.cs|GetEquipment|84|Found 0 Altair Cameras
2025-11-21T16:46:25.0849|INFO|CameraChooserVM.cs|GetEquipment|96|Found 0 Atik Cameras
2025-11-21T16:46:25.0851|INFO|CameraChooserVM.cs|GetEquipment|110|Found 0 FLI Cameras
2025-11-21T16:46:25.0852|INFO|CameraChooserVM.cs|GetEquipment|130|Found 0 QHYCCD Cameras
2025-11-21T16:46:25.1128|INFO|CameraChooserVM.cs|GetEquipment|158|Found 0 ToupTek Cameras
2025-11-21T16:46:25.1137|INFO|CameraChooserVM.cs|GetEquipment|173|Found 0 Ogma Cameras
2025-11-21T16:46:25.1155|INFO|CameraChooserVM.cs|GetEquipment|188|Found 0 Omegon Cameras
2025-11-21T16:46:25.1391|INFO|CameraChooserVM.cs|GetEquipment|203|Found 0 RisingCam Cameras
2025-11-21T16:46:25.1413|INFO|CameraChooserVM.cs|GetEquipment|218|Found 0 MallinCam Cameras
2025-11-21T16:46:25.1419|INFO|CameraChooserVM.cs|GetEquipment|244|Found 0 SBIG Cameras
2025-11-21T16:46:25.1421|INFO|CameraChooserVM.cs|GetEquipment|264|Found 0 SVBony Cameras
2025-11-21T16:46:25.1422|INFO|CameraChooserVM.cs|GetEquipment|264|Found 0 PlayerOne Cameras
2025-11-21T16:46:25.1425|INFO|CameraChooserVM.cs|GetEquipment|264|Found 0 ASTPAN Cameras
2025-11-21T16:46:25.1539|INFO|CameraChooserVM.cs|GetEquipment|264|Found 1 Fujifilm Cameras
2025-11-21T16:46:25.1542|INFO|CameraChooserVM.cs|GetEquipment|278|Found 4 ASCOM Cameras
2025-11-21T16:46:27.1547|INFO|CameraChooserVM.cs|GetEquipment|290|Found 0 Alpaca Cameras
2025-11-21T16:46:27.1554|INFO|CameraChooserVM.cs|GetEquipment|303|Found 0 Canon Cameras
2025-11-21T16:46:28.4128|INFO|CameraVM.cs|Disconnect|645|Disconnected Camera
2025-11-21T16:46:28.5143|INFO|CameraVM.cs|ChooseCamera|448|Successfully connected Camera. Id: Fujifilm Camera Plugin_GFX100S Name: GFX100S DisplayName: GFX100S (_GFX100S)Driver Version: 1.9.0
2025-11-21T16:46:31.9507|INFO|DockManagerVM.cs|InitializeAvalonDockLayout|356|Initializing imaging tab layout from C:\Users\scdou\AppData\Local\NINA\Profiles\25bec54d-e9eb-422c-b3e4-bc5b9f13d29f.dock.config
2025-11-21T16:46:33.1285|INFO|CameraVM.cs|Capture|737|Starting Exposure - Exposure Time: 1s; Filter: ; Gain: 400; Offset 0; Binning: 1x1;
2025-11-21T16:46:41.7922|ERROR|ImagingVM.cs|PrepareImage|348|Failed to prepare image
System.DivideByZeroException: Attempted to divide by zero.
   at NINA.Image.ImageAnalysis.BayerFilter16bpp.ProcessFilter(UnmanagedImage sourceData, UnmanagedImage destinationData) in C:\Projects\nina\NINA.Image\ImageAnalysis\BayerFilter16bpp.cs:line 142
   at Accord.Imaging.Filters.BaseFilter.Apply(BitmapData imageData)
   at Accord.Imaging.Filters.BaseFilter.Apply(Bitmap image)
   at NINA.Image.ImageAnalysis.ImageUtility.Debayer(Bitmap bmp, Boolean saveColorChannels, Boolean saveLumChannel, SensorType bayerPattern) in C:\Projects\nina\NINA.Image\ImageAnalysis\ImageUtility.cs:line 278
   at NINA.Image.ImageAnalysis.ImageUtility.Debayer(BitmapSource source, PixelFormat pf, Boolean saveColorChannels, Boolean saveLumChannel, SensorType bayerPattern) in C:\Projects\nina\NINA.Image\ImageAnalysis\ImageUtility.cs:line 227
   at NINA.Image.ImageData.DebayeredImage.Debayer(IRenderedImage imageData, IProfileService profileService, IStarDetection starDetection, IStarAnnotator starAnnotator, Boolean saveColorChannels, Boolean saveLumChannel, SensorType bayerPattern) in C:\Projects\nina\NINA.Image\ImageData\DebayeredImage.cs:line 57
   at NINA.Image.ImageData.RenderedImage.Debayer(Boolean saveColorChannels, Boolean saveLumChannel, SensorType bayerPattern) in C:\Projects\nina\NINA.Image\ImageData\RenderedImage.cs:line 73
   at NINA.ViewModel.ImageControlVM.PrepareImage(IImageData data, PrepareImageParameters parameters, CancellationToken cancelToken) in C:\Projects\nina\NINA\ViewModel\ImageControlVM.cs:line 621
   at NINA.ViewModel.ImagingVM.<>c__DisplayClass46_0.<<PrepareImage>b__0>d.MoveNext() in C:\Projects\nina\NINA\ViewModel\ImagingVM.cs:line 342
2025-11-21T16:46:41.8037|ERROR|AnchorableSnapshotVM.cs|SnapImage|414
System.DivideByZeroException: Attempted to divide by zero.
   at NINA.Image.ImageAnalysis.BayerFilter16bpp.ProcessFilter(UnmanagedImage sourceData, UnmanagedImage destinationData) in C:\Projects\nina\NINA.Image\ImageAnalysis\BayerFilter16bpp.cs:line 142
   at Accord.Imaging.Filters.BaseFilter.Apply(BitmapData imageData)
   at Accord.Imaging.Filters.BaseFilter.Apply(Bitmap image)
   at NINA.Image.ImageAnalysis.ImageUtility.Debayer(Bitmap bmp, Boolean saveColorChannels, Boolean saveLumChannel, SensorType bayerPattern) in C:\Projects\nina\NINA.Image\ImageAnalysis\ImageUtility.cs:line 278
   at NINA.Image.ImageAnalysis.ImageUtility.Debayer(BitmapSource source, PixelFormat pf, Boolean saveColorChannels, Boolean saveLumChannel, SensorType bayerPattern) in C:\Projects\nina\NINA.Image\ImageAnalysis\ImageUtility.cs:line 227
   at NINA.Image.ImageData.DebayeredImage.Debayer(IRenderedImage imageData, IProfileService profileService, IStarDetection starDetection, IStarAnnotator starAnnotator, Boolean saveColorChannels, Boolean saveLumChannel, SensorType bayerPattern) in C:\Projects\nina\NINA.Image\ImageData\DebayeredImage.cs:line 57
   at NINA.Image.ImageData.RenderedImage.Debayer(Boolean saveColorChannels, Boolean saveLumChannel, SensorType bayerPattern) in C:\Projects\nina\NINA.Image\ImageData\RenderedImage.cs:line 73
   at NINA.ViewModel.ImageControlVM.PrepareImage(IImageData data, PrepareImageParameters parameters, CancellationToken cancelToken) in C:\Projects\nina\NINA\ViewModel\ImageControlVM.cs:line 621
   at NINA.ViewModel.ImagingVM.<>c__DisplayClass46_0.<<PrepareImage>b__0>d.MoveNext() in C:\Projects\nina\NINA\ViewModel\ImagingVM.cs:line 342
--- End of stack trace from previous location ---
   at NINA.ViewModel.Imaging.AnchorableSnapshotVM.SnapImage(IProgress`1 progress) in C:\Projects\nina\NINA\ViewModel\Imaging\AnchorableSnapshotVM.cs:line 404
2025-11-21T16:46:48.1105|INFO|ApplicationVM.cs|Closing|288|Application shutting down
2025-11-21T16:46:48.1206|INFO|DomeVM.cs|Disconnect|336|Disconnected Dome Device
2025-11-21T16:46:48.1218|INFO|FlatDeviceVM.cs|Disconnect|279|Disconnected Flat Device
2025-11-21T16:46:48.1646|INFO|CameraVM.cs|Disconnect|645|Disconnected Camera
2025-11-21T16:46:48.1670|INFO|TelescopeVM.cs|Disconnect|763|Disconnected mount
2025-11-21T16:46:48.1677|INFO|FilterWheelVM.cs|Disconnect|324|Disconnected Filter Wheel
2025-11-21T16:46:48.1687|INFO|FocuserVM.cs|Disconnect|426|Disconnected Focuser
2025-11-21T16:46:48.1698|INFO|RotatorVM.cs|Disconnect|438|Disconnected Rotator
2025-11-21T16:46:48.1706|INFO|SwitchVM.cs|Disconnect|298|Disconnected Switch
2025-11-21T16:46:48.1714|INFO|WeatherDataVM.cs|Disconnect|292|Disconnected Weather Device
2025-11-21T16:46:48.1721|INFO|SafetyMonitorVM.cs|Disconnect|208|Disconnected Safety Monitor
